<?xml version="1.0" encoding="UTF-8"?>
<!-- Generated by org.testng.reporters.JUnitReportReporter -->
<testsuite hostname="LAPTOP-HANTLPHQ" failures="0" tests="6" name="parentappTestCases.LoginScenariosTest" time="346.453" errors="0" timestamp="2023-02-23T09:51:24 IST" skipped="0">
  <testcase classname="parentappTestCases.LoginScenariosTest" name="loginUsingValidCredentials" time="47.822"/>
  <system-out/>
  <testcase classname="parentappTestCases.LoginScenariosTest" name="loginUsingValidCredentials" time="71.957"/>
  <system-out/>
  <testcase classname="parentappTestCases.LoginScenariosTest" name="loginUsingValidCredentials" time="53.037"/>
  <system-out/>
  <testcase classname="parentappTestCases.LoginScenariosTest" name="loginUsingValidCredentials" time="46.874"/>
  <system-out/>
  <testcase classname="parentappTestCases.LoginScenariosTest" name="loginUsingValidCredentials" time="52.966"/>
  <system-out/>
  <testcase classname="parentappTestCases.LoginScenariosTest" name="loginUsingValidCredentials" time="73.797"/>
  <system-out/>
</testsuite> <!-- parentappTestCases.LoginScenariosTest -->
